app/build/intermediates/manifest_merge_blame_file/debug/manifest-merger-blame-debug-report.txt
1<?xml version="1.0" encoding="utf-8"?>
2<manifest xmlns:android="http://schemas.android.com/apk/res/android"
3    package="com.shaluambasta.noteapp"
4    android:versionCode="1"
5    android:versionName="1.0" >
6
7    <uses-sdk
8        android:minSdkVersion="23"
8-->src\main\AndroidManifest.xml
9        android:targetSdkVersion="32" />
9-->src\main\AndroidManifest.xml
10
11    <uses-permission android:name="android.permission.READ_EXTERNAL_STORAGE" />
11-->src\main\AndroidManifest.xml:4:5-80
11-->src\main\AndroidManifest.xml:4:22-77
12
13    <application
13-->src\main\AndroidManifest.xml:6:5-41:19
14        android:allowBackup="true"
14-->src\main\AndroidManifest.xml:7:9-35
15        android:appComponentFactory="androidx.core.app.CoreComponentFactory"
15-->[androidx.core:core:1.7.0] AndroidManifest.xml:24:18-86
16        android:debuggable="true"
17        android:extractNativeLibs="false"
18        android:font="@font/italic"
18-->src\main\AndroidManifest.xml:10:9-36
19        android:icon="@mipmap/ic_launcher"
19-->src\main\AndroidManifest.xml:8:9-43
20        android:label="EVERNOTE"
20-->src\main\AndroidManifest.xml:9:9-33
21        android:roundIcon="@mipmap/ic_launcher_round"
21-->src\main\AndroidManifest.xml:11:9-54
22        android:supportsRtl="true"
22-->src\main\AndroidManifest.xml:12:9-35
23        android:testOnly="true"
24        android:theme="@style/Theme.NoteApp" >
24-->src\main\AndroidManifest.xml:13:9-45
25        <activity
25-->src\main\AndroidManifest.xml:15:9-24:20
26            android:name="com.shaluambasta.noteapp.intropage"
26-->src\main\AndroidManifest.xml:16:13-38
27            android:exported="true"
27-->src\main\AndroidManifest.xml:17:13-36
28            android:screenOrientation="portrait" >
28-->src\main\AndroidManifest.xml:18:13-49
29            <intent-filter>
29-->src\main\AndroidManifest.xml:19:13-23:29
30                <action android:name="android.intent.action.MAIN" />
30-->src\main\AndroidManifest.xml:20:17-69
30-->src\main\AndroidManifest.xml:20:25-66
31
32                <category android:name="android.intent.category.LAUNCHER" />
32-->src\main\AndroidManifest.xml:22:17-77
32-->src\main\AndroidManifest.xml:22:27-74
33            </intent-filter>
34        </activity>
35        <activity
35-->src\main\AndroidManifest.xml:26:9-29:52
36            android:name="com.shaluambasta.noteapp.UpdateNoteActivity"
36-->src\main\AndroidManifest.xml:27:13-47
37            android:exported="false"
37-->src\main\AndroidManifest.xml:28:13-37
38            android:screenOrientation="portrait" />
38-->src\main\AndroidManifest.xml:29:13-49
39        <activity
39-->src\main\AndroidManifest.xml:31:9-34:52
40            android:name="com.shaluambasta.noteapp.AddNoteActivity"
40-->src\main\AndroidManifest.xml:32:13-44
41            android:exported="false"
41-->src\main\AndroidManifest.xml:33:13-37
42            android:screenOrientation="portrait" />
42-->src\main\AndroidManifest.xml:34:13-49
43        <activity
43-->src\main\AndroidManifest.xml:36:9-39:52
44            android:name="com.shaluambasta.noteapp.MainActivity"
44-->src\main\AndroidManifest.xml:37:13-41
45            android:exported="false"
45-->src\main\AndroidManifest.xml:38:13-37
46            android:screenOrientation="portrait" />
46-->src\main\AndroidManifest.xml:39:13-49
47
48        <provider
48-->[androidx.emoji2:emoji2:1.0.0] AndroidManifest.xml:26:9-34:20
49            android:name="androidx.startup.InitializationProvider"
49-->[androidx.emoji2:emoji2:1.0.0] AndroidManifest.xml:27:13-67
50            android:authorities="com.shaluambasta.noteapp.androidx-startup"
50-->[androidx.emoji2:emoji2:1.0.0] AndroidManifest.xml:28:13-68
51            android:exported="false" >
51-->[androidx.emoji2:emoji2:1.0.0] AndroidManifest.xml:29:13-37
52            <meta-data
52-->[androidx.emoji2:emoji2:1.0.0] AndroidManifest.xml:31:13-33:52
53                android:name="androidx.emoji2.text.EmojiCompatInitializer"
53-->[androidx.emoji2:emoji2:1.0.0] AndroidManifest.xml:32:17-75
54                android:value="androidx.startup" />
54-->[androidx.emoji2:emoji2:1.0.0] AndroidManifest.xml:33:17-49
55            <meta-data
55-->[androidx.lifecycle:lifecycle-process:2.4.0] AndroidManifest.xml:31:13-33:52
56                android:name="androidx.lifecycle.ProcessLifecycleInitializer"
56-->[androidx.lifecycle:lifecycle-process:2.4.0] AndroidManifest.xml:32:17-78
57                android:value="androidx.startup" />
57-->[androidx.lifecycle:lifecycle-process:2.4.0] AndroidManifest.xml:33:17-49
58        </provider>
59    </application>
60
61</manifest>